2018-04-19 13:14:23,108 - unitTest - INFO - 20963,669,706 - S.I.G Grand Camp
2018-04-19 13:14:23,108 - unitTest - INFO - PMR # 62140,999,760 Intage - customer id - 100252163
2018-04-19 13:14:23,108 - unitTest - INFO - PMR # 22970,000,778-IOI ACidchem sdn BHD reported the same PMR
2018-04-19 13:14:23,108 - unitTest - INFO - We just received sev1 PMR # 88580,000,834 -J&J with same issue
2018-04-19 13:14:23,108 - unitTest - INFO - 76289,632,760 Sanai Oil
2018-04-19 13:14:23,108 - unitTest - INFO - 62062,999,760 Nippon Information
2018-04-19 13:14:23,109 - unitTest - INFO - 64414,672,760 TOYOBO INFORMATION
2018-04-19 13:14:23,109 - unitTest - INFO - 62057,999,760 SOSHIN ELECTRIC
2018-04-19 13:14:23,109 - unitTest - INFO - 62047,999,760 Nippon Kayaku
2018-04-19 13:14:23,109 - unitTest - INFO - 62052,999,760 Noevir
2018-04-19 13:14:23,109 - unitTest - INFO - 62048,999,760 Kumi Kasei
2018-04-19 13:14:23,109 - unitTest - INFO - 76289,632,760
2018-04-19 13:14:23,109 - unitTest - INFO - 62062,999,760
2018-04-19 13:14:23,109 - unitTest - INFO - 62053,999,760
2018-04-19 13:14:23,109 - unitTest - INFO - 33217,999,618 - Pitagora Informationsmanagem
2018-04-19 13:14:23,109 - unitTest - INFO - 90944,060,618 - Richter Pharma
2018-04-19 13:14:23,109 - unitTest - INFO - 41087,082,000 - IBM CIO
2018-04-19 13:14:23,110 - unitTest - INFO - PMR 22005,001,806 Moderne Byggfornyelse AS
2018-04-19 13:14:23,110 - unitTest - INFO - PMR 22006,001,806 Inforte A/S
2018-04-19 13:14:23,110 - unitTest - INFO - new PMR actually, PMR 22009,001,806 - Fjord1 AS
2018-04-19 13:14:23,110 - unitTest - INFO - GESTIMAT (Dehon)-PMR 66594,661,706 Came on 2/28/18 5:20 PM GMT
2018-04-19 13:14:23,110 - unitTest - INFO - Novaliance -PMR 62742,661,706 Came on 2/28/18 4:00 PM GMT
2018-04-19 13:14:23,110 - unitTest - INFO - S.I.G Grand Camp-PMR 20963,669,706 Came Today around 2:00pm GMT
2018-04-19 14:57:50,154 - unitTest - INFO - Extracting company name from messages
2018-04-19 14:58:08,585 - unitTest - INFO - Extracting company name from messages
2018-04-19 14:58:28,074 - unitTest - INFO - Extracting company name from messages
2018-04-19 14:59:42,382 - unitTest - INFO - Extracting company name from messages
2018-04-19 15:00:51,138 - unitTest - INFO - Extracting company name from messages
2018-04-19 15:01:08,605 - unitTest - INFO - Extracting company name from messages
2018-04-19 15:16:20,684 - unitTest - INFO - Extracting company name from messages
2018-04-19 15:17:05,729 - unitTest - INFO - Extracting company name from messages
2018-04-19 15:18:05,766 - unitTest - INFO - Extracting company name from messages
2018-04-19 15:18:06,222 - unitTest - INFO - Extracting company name from messages
2018-04-19 15:18:44,150 - unitTest - INFO - Extracting company name from messages
2018-04-19 15:18:44,618 - unitTest - INFO - Extracting company name from messages
2018-04-19 15:18:53,097 - unitTest - INFO - Extracting company name from messages
2018-04-19 15:19:15,629 - unitTest - INFO - Extracting company name from messages
2018-04-19 15:19:16,092 - unitTest - INFO - Extracting company name from messages
2018-04-19 15:20:02,394 - unitTest - INFO - Extracting company name from messages
2018-04-19 15:21:17,617 - unitTest - INFO - Extracting company name from messages
2018-04-19 15:34:31,085 - unitTest - INFO - Extracting company name from messages
2018-04-19 15:36:14,532 - unitTest - INFO - Extracting company name from messages
2018-04-19 15:36:14,976 - unitTest - INFO - Extracting company name from messages
2018-04-19 15:36:14,977 - unitTest - INFO - Extracting company name from messages
2018-04-19 15:36:41,735 - unitTest - INFO - Extracting company name from messages
2018-04-19 15:36:42,192 - unitTest - INFO - Extracting company name from messages
2018-04-19 15:36:42,193 - unitTest - INFO - Extracting company name from messages
2018-04-19 15:37:06,676 - unitTest - INFO - Extracting company name from messages
2018-04-19 15:37:07,123 - unitTest - INFO - Extracting company name from messages
2018-04-19 15:37:07,124 - unitTest - INFO - Extracting company name from messages
2018-04-19 15:37:07,125 - unitTest - INFO - Extracting company name from messages
2018-04-19 15:37:16,504 - unitTest - INFO - Extracting company name from messages
2018-04-19 15:37:16,949 - unitTest - INFO - Extracting company name from messages
2018-04-19 15:37:16,951 - unitTest - INFO - Extracting company name from messages
2018-04-19 15:37:16,952 - unitTest - INFO - Extracting company name from messages
2018-04-19 15:37:39,383 - unitTest - INFO - Extracting company name from messages
2018-04-19 15:37:39,829 - unitTest - INFO - Extracting company name from messages
2018-04-19 15:37:39,830 - unitTest - INFO - Extracting company name from messages
2018-04-19 15:37:39,832 - unitTest - INFO - Extracting company name from messages
2018-04-19 15:37:53,728 - unitTest - INFO - Extracting company name from messages
2018-04-19 15:37:54,180 - unitTest - INFO - Extracting company name from messages
2018-04-19 15:37:54,182 - unitTest - INFO - Extracting company name from messages
2018-04-19 15:37:54,183 - unitTest - INFO - Extracting company name from messages
2018-04-19 15:37:54,184 - unitTest - INFO - Extracting company name from messages
2018-04-19 15:38:14,201 - unitTest - INFO - Extracting company name from messages
2018-04-19 15:38:14,668 - unitTest - INFO - Extracting company name from messages
2018-04-19 15:38:14,669 - unitTest - INFO - Extracting company name from messages
2018-04-19 15:38:14,670 - unitTest - INFO - Extracting company name from messages
2018-04-19 15:38:14,672 - unitTest - INFO - Extracting company name from messages
2018-04-19 15:38:14,673 - unitTest - INFO - Extracting company name from messages
2018-04-19 15:38:33,477 - unitTest - INFO - Extracting company name from messages
2018-04-19 15:38:33,908 - unitTest - INFO - Extracting company name from messages
2018-04-19 15:38:33,909 - unitTest - INFO - Extracting company name from messages
2018-04-19 15:38:33,911 - unitTest - INFO - Extracting company name from messages
2018-04-19 15:38:33,912 - unitTest - INFO - Extracting company name from messages
2018-04-19 15:38:33,913 - unitTest - INFO - Extracting company name from messages
2018-04-19 15:38:33,914 - unitTest - INFO - Extracting company name from messages
2018-04-19 15:38:41,361 - unitTest - INFO - Extracting company name from messages
2018-04-19 15:38:41,802 - unitTest - INFO - Extracting company name from messages
2018-04-19 15:38:41,803 - unitTest - INFO - Extracting company name from messages
2018-04-19 15:38:41,804 - unitTest - INFO - Extracting company name from messages
2018-04-19 15:38:41,806 - unitTest - INFO - Extracting company name from messages
2018-04-19 15:38:41,807 - unitTest - INFO - Extracting company name from messages
2018-04-19 15:38:41,808 - unitTest - INFO - Extracting company name from messages
2018-04-19 15:38:41,809 - unitTest - INFO - Extracting company name from messages
2018-04-19 15:38:41,810 - unitTest - INFO - Extracting company name from messages
2018-04-19 15:38:41,810 - unitTest - INFO - Extracting company name from messages
2018-04-19 15:38:41,811 - unitTest - INFO - Extracting company name from messages
2018-04-19 15:38:41,812 - unitTest - INFO - Extracting company name from messages
2018-04-19 15:39:59,111 - unitTest - INFO - Extracting company name from messages
2018-04-19 15:39:59,550 - unitTest - INFO - Extracting company name from messages
2018-04-19 15:39:59,552 - unitTest - INFO - Extracting company name from messages
2018-04-19 15:39:59,553 - unitTest - INFO - Extracting company name from messages
2018-04-19 15:39:59,554 - unitTest - INFO - Extracting company name from messages
2018-04-19 15:39:59,555 - unitTest - INFO - Extracting company name from messages
2018-04-19 15:39:59,556 - unitTest - INFO - Extracting company name from messages
2018-04-19 15:39:59,557 - unitTest - INFO - Extracting company name from messages
2018-04-19 15:39:59,558 - unitTest - INFO - Extracting company name from messages
2018-04-19 15:39:59,559 - unitTest - INFO - Extracting company name from messages
2018-04-19 15:39:59,560 - unitTest - INFO - Extracting company name from messages
2018-04-19 15:39:59,561 - unitTest - INFO - Extracting company name from messages
2018-04-19 15:39:59,562 - unitTest - INFO - Extracting company name from messages
2018-04-19 15:39:59,563 - unitTest - INFO - Extracting company name from messages
2018-04-19 15:39:59,564 - unitTest - INFO - Extracting company name from messages
2018-04-19 15:40:17,129 - unitTest - INFO - Extracting company name from messages
2018-04-19 15:40:17,568 - unitTest - INFO - Extracting company name from messages
2018-04-19 15:40:17,569 - unitTest - INFO - Extracting company name from messages
2018-04-19 15:40:17,571 - unitTest - INFO - Extracting company name from messages
2018-04-19 15:40:17,572 - unitTest - INFO - Extracting company name from messages
2018-04-19 15:40:17,573 - unitTest - INFO - Extracting company name from messages
2018-04-19 15:40:17,574 - unitTest - INFO - Extracting company name from messages
2018-04-19 15:40:17,575 - unitTest - INFO - Extracting company name from messages
2018-04-19 15:40:17,576 - unitTest - INFO - Extracting company name from messages
2018-04-19 15:40:17,577 - unitTest - INFO - Extracting company name from messages
2018-04-19 15:40:17,577 - unitTest - INFO - Extracting company name from messages
2018-04-19 15:40:17,578 - unitTest - INFO - Extracting company name from messages
2018-04-19 15:40:17,579 - unitTest - INFO - Extracting company name from messages
2018-04-19 15:40:17,580 - unitTest - INFO - Extracting company name from messages
2018-04-19 15:40:17,580 - unitTest - INFO - Extracting company name from messages
2018-04-19 15:40:17,581 - unitTest - INFO - Extracting company name from messages
2018-04-19 15:40:26,244 - unitTest - INFO - Extracting company name from messages
2018-04-19 15:40:26,701 - unitTest - INFO - Extracting company name from messages
2018-04-19 15:40:26,703 - unitTest - INFO - Extracting company name from messages
2018-04-19 15:40:26,704 - unitTest - INFO - Extracting company name from messages
2018-04-19 15:40:26,705 - unitTest - INFO - Extracting company name from messages
2018-04-19 15:40:26,706 - unitTest - INFO - Extracting company name from messages
2018-04-19 15:40:26,707 - unitTest - INFO - Extracting company name from messages
2018-04-19 15:40:26,708 - unitTest - INFO - Extracting company name from messages
2018-04-19 15:40:26,709 - unitTest - INFO - Extracting company name from messages
2018-04-19 15:40:26,710 - unitTest - INFO - Extracting company name from messages
2018-04-19 15:40:26,711 - unitTest - INFO - Extracting company name from messages
2018-04-19 15:40:26,712 - unitTest - INFO - Extracting company name from messages
2018-04-19 15:40:26,713 - unitTest - INFO - Extracting company name from messages
2018-04-19 15:40:26,714 - unitTest - INFO - Extracting company name from messages
2018-04-19 15:40:26,715 - unitTest - INFO - Extracting company name from messages
2018-04-19 15:40:26,715 - unitTest - INFO - Extracting company name from messages
2018-04-19 15:40:35,689 - unitTest - INFO - Extracting company name from messages
2018-04-19 15:40:36,136 - unitTest - INFO - Extracting company name from messages
2018-04-19 15:40:36,137 - unitTest - INFO - Extracting company name from messages
2018-04-19 15:40:36,139 - unitTest - INFO - Extracting company name from messages
2018-04-19 15:40:36,140 - unitTest - INFO - Extracting company name from messages
2018-04-19 15:40:36,141 - unitTest - INFO - Extracting company name from messages
2018-04-19 15:40:36,142 - unitTest - INFO - Extracting company name from messages
2018-04-19 15:40:36,143 - unitTest - INFO - Extracting company name from messages
2018-04-19 15:40:36,144 - unitTest - INFO - Extracting company name from messages
2018-04-19 15:40:36,145 - unitTest - INFO - Extracting company name from messages
2018-04-19 15:40:36,145 - unitTest - INFO - Extracting company name from messages
2018-04-19 15:40:36,146 - unitTest - INFO - Extracting company name from messages
2018-04-19 15:40:36,147 - unitTest - INFO - Extracting company name from messages
2018-04-19 15:40:36,148 - unitTest - INFO - Extracting company name from messages
2018-04-19 15:40:36,148 - unitTest - INFO - Extracting company name from messages
2018-04-19 15:40:36,149 - unitTest - INFO - Extracting company name from messages
2018-04-19 15:40:48,409 - unitTest - INFO - Extracting company name from messages
2018-04-19 15:40:48,846 - unitTest - INFO - Extracting company name from messages
2018-04-19 15:40:48,847 - unitTest - INFO - Extracting company name from messages
2018-04-19 15:40:48,849 - unitTest - INFO - Extracting company name from messages
2018-04-19 15:40:48,850 - unitTest - INFO - Extracting company name from messages
2018-04-19 15:40:48,851 - unitTest - INFO - Extracting company name from messages
2018-04-19 15:40:48,852 - unitTest - INFO - Extracting company name from messages
2018-04-19 15:40:48,853 - unitTest - INFO - Extracting company name from messages
2018-04-19 15:40:48,854 - unitTest - INFO - Extracting company name from messages
2018-04-19 15:40:48,855 - unitTest - INFO - Extracting company name from messages
2018-04-19 15:40:48,856 - unitTest - INFO - Extracting company name from messages
2018-04-19 15:40:48,857 - unitTest - INFO - Extracting company name from messages
2018-04-19 15:40:48,858 - unitTest - INFO - Extracting company name from messages
2018-04-19 15:40:48,859 - unitTest - INFO - Extracting company name from messages
2018-04-19 15:40:48,859 - unitTest - INFO - Extracting company name from messages
2018-04-19 15:40:48,860 - unitTest - INFO - Extracting company name from messages
2018-04-19 15:40:48,861 - unitTest - INFO - Extracting company name from messages
2018-04-19 15:40:58,167 - unitTest - INFO - Extracting company name from messages
2018-04-19 15:40:58,628 - unitTest - INFO - Extracting company name from messages
2018-04-19 15:40:58,630 - unitTest - INFO - Extracting company name from messages
2018-04-19 15:40:58,631 - unitTest - INFO - Extracting company name from messages
2018-04-19 15:40:58,633 - unitTest - INFO - Extracting company name from messages
2018-04-19 15:40:58,633 - unitTest - INFO - Extracting company name from messages
2018-04-19 15:40:58,634 - unitTest - INFO - Extracting company name from messages
2018-04-19 15:40:58,635 - unitTest - INFO - Extracting company name from messages
2018-04-19 15:40:58,636 - unitTest - INFO - Extracting company name from messages
2018-04-19 15:40:58,637 - unitTest - INFO - Extracting company name from messages
2018-04-19 15:40:58,638 - unitTest - INFO - Extracting company name from messages
2018-04-19 15:40:58,639 - unitTest - INFO - Extracting company name from messages
2018-04-19 15:40:58,640 - unitTest - INFO - Extracting company name from messages
2018-04-19 15:40:58,640 - unitTest - INFO - Extracting company name from messages
2018-04-19 15:40:58,641 - unitTest - INFO - Extracting company name from messages
2018-04-19 15:40:58,642 - unitTest - INFO - Extracting company name from messages
2018-04-19 15:40:58,643 - unitTest - INFO - Extracting company name from messages
2018-04-19 15:40:58,644 - unitTest - INFO - Extracting company name from messages
2018-04-19 15:41:09,556 - unitTest - INFO - Extracting company name from messages
2018-04-19 15:41:10,012 - unitTest - INFO - Extracting company name from messages
2018-04-19 15:41:10,013 - unitTest - INFO - Extracting company name from messages
2018-04-19 15:41:10,014 - unitTest - INFO - Extracting company name from messages
2018-04-19 15:41:10,016 - unitTest - INFO - Extracting company name from messages
2018-04-19 15:41:10,016 - unitTest - INFO - Extracting company name from messages
2018-04-19 15:41:10,017 - unitTest - INFO - Extracting company name from messages
2018-04-19 15:41:10,018 - unitTest - INFO - Extracting company name from messages
2018-04-19 15:41:10,020 - unitTest - INFO - Extracting company name from messages
2018-04-19 15:41:10,021 - unitTest - INFO - Extracting company name from messages
2018-04-19 15:41:10,022 - unitTest - INFO - Extracting company name from messages
2018-04-19 15:41:10,023 - unitTest - INFO - Extracting company name from messages
2018-04-19 15:41:10,023 - unitTest - INFO - Extracting company name from messages
2018-04-19 15:41:10,024 - unitTest - INFO - Extracting company name from messages
2018-04-19 15:41:10,025 - unitTest - INFO - Extracting company name from messages
2018-04-19 15:41:10,026 - unitTest - INFO - Extracting company name from messages
2018-04-19 15:41:10,027 - unitTest - INFO - Extracting company name from messages
2018-04-19 15:41:10,027 - unitTest - INFO - Extracting company name from messages
2018-04-19 15:41:39,432 - unitTest - INFO - Extracting company name from messages
2018-04-19 15:41:39,902 - unitTest - INFO - Extracting company name from messages
2018-04-19 15:41:39,904 - unitTest - INFO - Extracting company name from messages
2018-04-19 15:41:39,905 - unitTest - INFO - Extracting company name from messages
2018-04-19 15:41:39,906 - unitTest - INFO - Extracting company name from messages
2018-04-19 15:41:39,908 - unitTest - INFO - Extracting company name from messages
2018-04-19 15:41:39,909 - unitTest - INFO - Extracting company name from messages
2018-04-19 15:41:39,910 - unitTest - INFO - Extracting company name from messages
2018-04-19 15:41:39,911 - unitTest - INFO - Extracting company name from messages
2018-04-19 15:41:39,912 - unitTest - INFO - Extracting company name from messages
2018-04-19 15:41:39,912 - unitTest - INFO - Extracting company name from messages
2018-04-19 15:41:39,913 - unitTest - INFO - Extracting company name from messages
2018-04-19 15:41:39,915 - unitTest - INFO - Extracting company name from messages
2018-04-19 15:41:39,915 - unitTest - INFO - Extracting company name from messages
2018-04-19 15:41:39,916 - unitTest - INFO - Extracting company name from messages
2018-04-19 15:41:39,917 - unitTest - INFO - Extracting company name from messages
2018-04-19 15:41:39,918 - unitTest - INFO - Extracting company name from messages
2018-04-19 15:41:39,919 - unitTest - INFO - Extracting company name from messages
2018-04-19 15:41:39,920 - unitTest - INFO - Extracting company name from messages
2018-04-19 15:41:39,921 - unitTest - INFO - Extracting company name from messages
2018-04-19 15:41:49,634 - unitTest - INFO - Extracting company name from messages
2018-04-19 15:41:50,104 - unitTest - INFO - Extracting company name from messages
2018-04-19 15:41:50,105 - unitTest - INFO - Extracting company name from messages
2018-04-19 15:41:50,107 - unitTest - INFO - Extracting company name from messages
2018-04-19 15:41:50,108 - unitTest - INFO - Extracting company name from messages
2018-04-19 15:41:50,109 - unitTest - INFO - Extracting company name from messages
2018-04-19 15:41:50,110 - unitTest - INFO - Extracting company name from messages
2018-04-19 15:41:50,111 - unitTest - INFO - Extracting company name from messages
2018-04-19 15:41:50,112 - unitTest - INFO - Extracting company name from messages
2018-04-19 15:41:50,113 - unitTest - INFO - Extracting company name from messages
2018-04-19 15:41:50,114 - unitTest - INFO - Extracting company name from messages
2018-04-19 15:41:50,115 - unitTest - INFO - Extracting company name from messages
2018-04-19 15:41:50,116 - unitTest - INFO - Extracting company name from messages
2018-04-19 15:41:50,116 - unitTest - INFO - Extracting company name from messages
2018-04-19 15:41:50,117 - unitTest - INFO - Extracting company name from messages
2018-04-19 15:41:50,118 - unitTest - INFO - Extracting company name from messages
2018-04-19 15:41:50,119 - unitTest - INFO - Extracting company name from messages
2018-04-19 15:41:50,120 - unitTest - INFO - Extracting company name from messages
2018-04-19 15:41:50,121 - unitTest - INFO - Extracting company name from messages
2018-04-19 15:41:50,122 - unitTest - INFO - Extracting company name from messages
2018-04-19 15:41:50,123 - unitTest - INFO - Extracting company name from messages
2018-04-19 15:42:02,350 - unitTest - INFO - Extracting company name from messages
2018-04-19 15:42:02,802 - unitTest - INFO - Extracting company name from messages
2018-04-19 15:42:02,806 - unitTest - INFO - Extracting company name from messages
2018-04-19 15:42:02,807 - unitTest - INFO - Extracting company name from messages
2018-04-19 15:42:02,808 - unitTest - INFO - Extracting company name from messages
2018-04-19 15:42:02,809 - unitTest - INFO - Extracting company name from messages
2018-04-19 15:42:02,810 - unitTest - INFO - Extracting company name from messages
2018-04-19 15:42:02,811 - unitTest - INFO - Extracting company name from messages
2018-04-19 15:42:02,812 - unitTest - INFO - Extracting company name from messages
2018-04-19 15:42:02,813 - unitTest - INFO - Extracting company name from messages
2018-04-19 15:42:02,814 - unitTest - INFO - Extracting company name from messages
2018-04-19 15:42:02,815 - unitTest - INFO - Extracting company name from messages
2018-04-19 15:42:02,815 - unitTest - INFO - Extracting company name from messages
2018-04-19 15:42:02,816 - unitTest - INFO - Extracting company name from messages
2018-04-19 15:42:02,817 - unitTest - INFO - Extracting company name from messages
2018-04-19 15:42:02,818 - unitTest - INFO - Extracting company name from messages
2018-04-19 15:42:02,818 - unitTest - INFO - Extracting company name from messages
2018-04-19 15:42:02,819 - unitTest - INFO - Extracting company name from messages
2018-04-19 15:42:02,820 - unitTest - INFO - Extracting company name from messages
2018-04-19 15:42:02,821 - unitTest - INFO - Extracting company name from messages
2018-04-19 15:42:02,822 - unitTest - INFO - Extracting company name from messages
2018-04-19 15:42:02,823 - unitTest - INFO - Extracting company name from messages
2018-04-19 15:43:02,021 - unitTest - INFO - Extracting company name from messages
2018-04-19 15:43:02,504 - unitTest - INFO - Extracting company name from messages
2018-04-19 15:43:02,506 - unitTest - INFO - Extracting company name from messages
2018-04-19 15:43:02,508 - unitTest - INFO - Extracting company name from messages
2018-04-19 15:43:02,509 - unitTest - INFO - Extracting company name from messages
2018-04-19 15:43:02,510 - unitTest - INFO - Extracting company name from messages
2018-04-19 15:43:02,511 - unitTest - INFO - Extracting company name from messages
2018-04-19 15:43:02,512 - unitTest - INFO - Extracting company name from messages
2018-04-19 15:43:02,513 - unitTest - INFO - Extracting company name from messages
2018-04-19 15:43:02,514 - unitTest - INFO - Extracting company name from messages
2018-04-19 15:43:02,515 - unitTest - INFO - Extracting company name from messages
2018-04-19 15:43:02,516 - unitTest - INFO - Extracting company name from messages
2018-04-19 15:43:02,516 - unitTest - INFO - Extracting company name from messages
2018-04-19 15:43:02,517 - unitTest - INFO - Extracting company name from messages
2018-04-19 15:43:02,519 - unitTest - INFO - Extracting company name from messages
2018-04-19 15:43:02,520 - unitTest - INFO - Extracting company name from messages
2018-04-19 15:43:02,522 - unitTest - INFO - Extracting company name from messages
2018-04-19 15:43:02,523 - unitTest - INFO - Extracting company name from messages
2018-04-19 15:43:02,525 - unitTest - INFO - Extracting company name from messages
2018-04-19 15:43:02,527 - unitTest - INFO - Extracting company name from messages
2018-04-19 15:43:02,528 - unitTest - INFO - Extracting company name from messages
2018-04-19 15:43:02,531 - unitTest - INFO - Extracting company name from messages
2018-04-19 15:43:11,682 - unitTest - INFO - Extracting company name from messages
2018-04-19 15:43:12,124 - unitTest - INFO - Extracting company name from messages
2018-04-19 15:43:12,125 - unitTest - INFO - Extracting company name from messages
2018-04-19 15:43:12,126 - unitTest - INFO - Extracting company name from messages
2018-04-19 15:43:12,128 - unitTest - INFO - Extracting company name from messages
2018-04-19 15:43:12,129 - unitTest - INFO - Extracting company name from messages
2018-04-19 15:43:12,130 - unitTest - INFO - Extracting company name from messages
2018-04-19 15:43:12,131 - unitTest - INFO - Extracting company name from messages
2018-04-19 15:43:12,132 - unitTest - INFO - Extracting company name from messages
2018-04-19 15:43:12,133 - unitTest - INFO - Extracting company name from messages
2018-04-19 15:43:12,134 - unitTest - INFO - Extracting company name from messages
2018-04-19 15:43:12,135 - unitTest - INFO - Extracting company name from messages
2018-04-19 15:43:12,136 - unitTest - INFO - Extracting company name from messages
2018-04-19 15:43:12,136 - unitTest - INFO - Extracting company name from messages
2018-04-19 15:43:12,137 - unitTest - INFO - Extracting company name from messages
2018-04-19 15:43:12,138 - unitTest - INFO - Extracting company name from messages
2018-04-19 15:43:12,139 - unitTest - INFO - Extracting company name from messages
2018-04-19 15:43:12,140 - unitTest - INFO - Extracting company name from messages
2018-04-19 15:43:12,141 - unitTest - INFO - Extracting company name from messages
2018-04-19 15:43:12,142 - unitTest - INFO - Extracting company name from messages
2018-04-19 15:43:12,143 - unitTest - INFO - Extracting company name from messages
2018-04-19 15:43:12,144 - unitTest - INFO - Extracting company name from messages
2018-04-19 15:43:12,145 - unitTest - INFO - Extracting company name from messages
2018-04-19 15:43:50,184 - unitTest - INFO - Extracting company name from messages
2018-04-19 15:43:50,621 - unitTest - INFO - Extracting company name from messages
2018-04-19 15:43:50,623 - unitTest - INFO - Extracting company name from messages
2018-04-19 15:43:50,624 - unitTest - INFO - Extracting company name from messages
2018-04-19 15:43:50,625 - unitTest - INFO - Extracting company name from messages
2018-04-19 15:43:50,626 - unitTest - INFO - Extracting company name from messages
2018-04-19 15:43:50,627 - unitTest - INFO - Extracting company name from messages
2018-04-19 15:43:50,628 - unitTest - INFO - Extracting company name from messages
2018-04-19 15:43:50,629 - unitTest - INFO - Extracting company name from messages
2018-04-19 15:43:50,630 - unitTest - INFO - Extracting company name from messages
2018-04-19 15:43:50,631 - unitTest - INFO - Extracting company name from messages
2018-04-19 15:43:50,632 - unitTest - INFO - Extracting company name from messages
2018-04-19 15:43:50,633 - unitTest - INFO - Extracting company name from messages
2018-04-19 15:43:50,633 - unitTest - INFO - Extracting company name from messages
2018-04-19 15:43:50,634 - unitTest - INFO - Extracting company name from messages
2018-04-19 15:43:50,635 - unitTest - INFO - Extracting company name from messages
2018-04-19 15:43:50,636 - unitTest - INFO - Extracting company name from messages
2018-04-19 15:43:50,636 - unitTest - INFO - Extracting company name from messages
2018-04-19 15:43:50,638 - unitTest - INFO - Extracting company name from messages
2018-04-19 15:43:50,639 - unitTest - INFO - Extracting company name from messages
2018-04-19 15:43:50,640 - unitTest - INFO - Extracting company name from messages
2018-04-19 15:43:50,641 - unitTest - INFO - Extracting company name from messages
2018-04-19 15:43:50,642 - unitTest - INFO - Extracting company name from messages
2018-04-19 15:44:36,857 - unitTest - INFO - Extracting company name from messages
2018-04-19 15:44:37,295 - unitTest - INFO - Extracting company name from messages
2018-04-19 15:44:37,296 - unitTest - INFO - Extracting company name from messages
2018-04-19 15:44:37,297 - unitTest - INFO - Extracting company name from messages
2018-04-19 15:44:37,299 - unitTest - INFO - Extracting company name from messages
2018-04-19 15:44:37,300 - unitTest - INFO - Extracting company name from messages
2018-04-19 15:44:37,301 - unitTest - INFO - Extracting company name from messages
2018-04-19 15:44:37,302 - unitTest - INFO - Extracting company name from messages
2018-04-19 15:44:37,302 - unitTest - INFO - Extracting company name from messages
2018-04-19 15:44:37,303 - unitTest - INFO - Extracting company name from messages
2018-04-19 15:44:37,304 - unitTest - INFO - Extracting company name from messages
2018-04-19 15:44:37,305 - unitTest - INFO - Extracting company name from messages
2018-04-19 15:44:37,306 - unitTest - INFO - Extracting company name from messages
2018-04-19 15:44:37,306 - unitTest - INFO - Extracting company name from messages
2018-04-19 15:44:37,307 - unitTest - INFO - Extracting company name from messages
2018-04-19 15:44:37,308 - unitTest - INFO - Extracting company name from messages
2018-04-19 15:44:37,309 - unitTest - INFO - Extracting company name from messages
2018-04-19 15:44:37,310 - unitTest - INFO - Extracting company name from messages
2018-04-19 15:44:37,311 - unitTest - INFO - Extracting company name from messages
2018-04-19 15:44:37,312 - unitTest - INFO - Extracting company name from messages
2018-04-19 15:44:37,313 - unitTest - INFO - Extracting company name from messages
2018-04-19 15:44:37,314 - unitTest - INFO - Extracting company name from messages
2018-04-19 15:44:37,315 - unitTest - INFO - Extracting company name from messages
2018-04-19 15:49:57,010 - unitTest - INFO - Extracting company name from messages
2018-04-19 15:50:40,216 - unitTest - INFO - Extracting company name from messages
2018-04-19 16:12:02,569 - unitTest - INFO - Extracting company name from messages
2018-04-19 16:12:03,018 - unitTest - INFO - Extracting company name from messages
2018-04-19 16:12:03,020 - unitTest - INFO - Extracting company name from messages
2018-04-19 16:12:03,021 - unitTest - INFO - Extracting company name from messages
2018-04-19 16:12:03,023 - unitTest - INFO - Extracting company name from messages
2018-04-19 16:12:03,024 - unitTest - INFO - Extracting company name from messages
2018-04-19 16:12:03,025 - unitTest - INFO - Extracting company name from messages
2018-04-19 16:12:03,026 - unitTest - INFO - Extracting company name from messages
2018-04-19 16:12:03,027 - unitTest - INFO - Extracting company name from messages
2018-04-19 16:12:03,028 - unitTest - INFO - Extracting company name from messages
2018-04-19 16:12:03,029 - unitTest - INFO - Extracting company name from messages
2018-04-19 16:12:03,030 - unitTest - INFO - Extracting company name from messages
2018-04-19 16:12:03,031 - unitTest - INFO - Extracting company name from messages
2018-04-19 16:12:03,032 - unitTest - INFO - Extracting company name from messages
2018-04-19 16:12:03,032 - unitTest - INFO - Extracting company name from messages
2018-04-19 16:12:03,034 - unitTest - INFO - Extracting company name from messages
2018-04-19 16:12:03,035 - unitTest - INFO - Extracting company name from messages
2018-04-19 16:12:03,036 - unitTest - INFO - Extracting company name from messages
2018-04-19 16:12:03,037 - unitTest - INFO - Extracting company name from messages
2018-04-19 16:12:03,038 - unitTest - INFO - Extracting company name from messages
2018-04-19 16:12:03,039 - unitTest - INFO - Extracting company name from messages
2018-04-19 16:12:03,040 - unitTest - INFO - Extracting company name from messages
2018-04-19 16:12:03,042 - unitTest - INFO - Extracting company name from messages
2018-04-19 16:12:36,372 - unitTest - INFO - Extracting company name from messages
2018-04-19 16:12:36,822 - unitTest - INFO - Extracting company name from messages
2018-04-19 16:12:36,824 - unitTest - INFO - Extracting company name from messages
2018-04-19 16:12:36,825 - unitTest - INFO - Extracting company name from messages
2018-04-19 16:12:36,826 - unitTest - INFO - Extracting company name from messages
2018-04-19 16:12:36,828 - unitTest - INFO - Extracting company name from messages
2018-04-19 16:12:36,830 - unitTest - INFO - Extracting company name from messages
2018-04-19 16:12:36,832 - unitTest - INFO - Extracting company name from messages
2018-04-19 16:12:36,834 - unitTest - INFO - Extracting company name from messages
2018-04-19 16:12:36,836 - unitTest - INFO - Extracting company name from messages
2018-04-19 16:12:36,838 - unitTest - INFO - Extracting company name from messages
2018-04-19 16:12:36,840 - unitTest - INFO - Extracting company name from messages
2018-04-19 16:12:36,842 - unitTest - INFO - Extracting company name from messages
2018-04-19 16:12:36,843 - unitTest - INFO - Extracting company name from messages
2018-04-19 16:12:36,846 - unitTest - INFO - Extracting company name from messages
2018-04-19 16:12:36,847 - unitTest - INFO - Extracting company name from messages
2018-04-19 16:12:36,848 - unitTest - INFO - Extracting company name from messages
2018-04-19 16:12:36,849 - unitTest - INFO - Extracting company name from messages
2018-04-19 16:12:36,851 - unitTest - INFO - Extracting company name from messages
2018-04-19 16:12:36,851 - unitTest - INFO - Extracting company name from messages
2018-04-19 16:12:36,853 - unitTest - INFO - Extracting company name from messages
2018-04-19 16:12:36,854 - unitTest - INFO - Extracting company name from messages
2018-04-19 16:12:36,855 - unitTest - INFO - Extracting company name from messages
2018-04-19 16:20:16,925 - unitTest - INFO - Extracting company name from messages
2018-04-19 16:20:17,393 - unitTest - INFO - Extracting company name from messages
2018-04-19 16:20:17,394 - unitTest - INFO - Extracting company name from messages
2018-04-19 16:20:17,396 - unitTest - INFO - Extracting company name from messages
2018-04-19 16:20:17,397 - unitTest - INFO - Extracting company name from messages
2018-04-19 16:20:17,398 - unitTest - INFO - Extracting company name from messages
2018-04-19 16:20:17,399 - unitTest - INFO - Extracting company name from messages
2018-04-19 16:20:17,400 - unitTest - INFO - Extracting company name from messages
2018-04-19 16:20:17,401 - unitTest - INFO - Extracting company name from messages
2018-04-19 16:20:17,402 - unitTest - INFO - Extracting company name from messages
2018-04-19 16:20:17,402 - unitTest - INFO - Extracting company name from messages
2018-04-19 16:20:17,403 - unitTest - INFO - Extracting company name from messages
2018-04-19 16:20:17,404 - unitTest - INFO - Extracting company name from messages
2018-04-19 16:20:17,405 - unitTest - INFO - Extracting company name from messages
2018-04-19 16:20:17,405 - unitTest - INFO - Extracting company name from messages
2018-04-19 16:20:17,406 - unitTest - INFO - Extracting company name from messages
2018-04-19 16:20:17,407 - unitTest - INFO - Extracting company name from messages
2018-04-19 16:20:17,408 - unitTest - INFO - Extracting company name from messages
2018-04-19 16:20:17,409 - unitTest - INFO - Extracting company name from messages
2018-04-19 16:20:17,410 - unitTest - INFO - Extracting company name from messages
2018-04-19 16:20:17,411 - unitTest - INFO - Extracting company name from messages
2018-04-19 16:20:17,412 - unitTest - INFO - Extracting company name from messages
2018-04-19 16:20:17,414 - unitTest - INFO - Extracting company name from messages
2018-04-19 16:20:17,415 - unitTest - INFO - Extracting company name from messages
2018-04-19 16:21:52,324 - unitTest - INFO - Extracting company name from messages
2018-04-19 16:22:29,781 - unitTest - INFO - Extracting company name from messages
2018-04-19 16:24:13,571 - unitTest - INFO - Extracting company name from messages
2018-04-19 16:24:14,035 - unitTest - INFO - Extracting company name from messages
2018-04-19 16:24:14,036 - unitTest - INFO - Extracting company name from messages
2018-04-19 16:24:14,037 - unitTest - INFO - Extracting company name from messages
2018-04-19 16:24:14,038 - unitTest - INFO - Extracting company name from messages
2018-04-19 16:24:14,039 - unitTest - INFO - Extracting company name from messages
2018-04-19 16:24:14,040 - unitTest - INFO - Extracting company name from messages
2018-04-19 16:24:14,041 - unitTest - INFO - Extracting company name from messages
2018-04-19 16:24:14,042 - unitTest - INFO - Extracting company name from messages
2018-04-19 16:24:14,043 - unitTest - INFO - Extracting company name from messages
2018-04-19 16:24:14,044 - unitTest - INFO - Extracting company name from messages
2018-04-19 16:24:14,045 - unitTest - INFO - Extracting company name from messages
2018-04-19 16:24:14,046 - unitTest - INFO - Extracting company name from messages
2018-04-19 16:24:14,047 - unitTest - INFO - Extracting company name from messages
2018-04-19 16:24:14,048 - unitTest - INFO - Extracting company name from messages
2018-04-19 16:24:14,049 - unitTest - INFO - Extracting company name from messages
2018-04-19 16:24:14,052 - unitTest - INFO - Extracting company name from messages
2018-04-19 16:24:14,055 - unitTest - INFO - Extracting company name from messages
2018-04-19 16:24:14,056 - unitTest - INFO - Extracting company name from messages
2018-04-19 16:24:14,057 - unitTest - INFO - Extracting company name from messages
2018-04-19 16:24:14,059 - unitTest - INFO - Extracting company name from messages
2018-04-19 16:24:14,060 - unitTest - INFO - Extracting company name from messages
2018-04-19 16:24:14,061 - unitTest - INFO - Extracting company name from messages
2018-04-19 16:24:14,063 - unitTest - INFO - Extracting company name from messages
2018-04-19 16:24:14,065 - unitTest - INFO - Extracting company name from messages
2018-04-19 16:25:09,877 - unitTest - INFO - Extracting company name from messages
2018-04-19 16:25:10,339 - unitTest - INFO - Extracting company name from messages
2018-04-19 16:25:10,340 - unitTest - INFO - Extracting company name from messages
2018-04-19 16:25:10,341 - unitTest - INFO - Extracting company name from messages
2018-04-19 16:25:10,342 - unitTest - INFO - Extracting company name from messages
2018-04-19 16:25:10,343 - unitTest - INFO - Extracting company name from messages
2018-04-19 16:25:10,344 - unitTest - INFO - Extracting company name from messages
2018-04-19 16:25:10,345 - unitTest - INFO - Extracting company name from messages
2018-04-19 16:25:10,346 - unitTest - INFO - Extracting company name from messages
2018-04-19 16:25:10,347 - unitTest - INFO - Extracting company name from messages
2018-04-19 16:25:10,348 - unitTest - INFO - Extracting company name from messages
2018-04-19 16:25:10,349 - unitTest - INFO - Extracting company name from messages
2018-04-19 16:25:10,350 - unitTest - INFO - Extracting company name from messages
2018-04-19 16:25:10,351 - unitTest - INFO - Extracting company name from messages
2018-04-19 16:25:10,352 - unitTest - INFO - Extracting company name from messages
2018-04-19 16:25:10,352 - unitTest - INFO - Extracting company name from messages
2018-04-19 16:25:10,353 - unitTest - INFO - Extracting company name from messages
2018-04-19 16:25:10,354 - unitTest - INFO - Extracting company name from messages
2018-04-19 16:25:10,355 - unitTest - INFO - Extracting company name from messages
2018-04-19 16:25:10,356 - unitTest - INFO - Extracting company name from messages
2018-04-19 16:25:10,357 - unitTest - INFO - Extracting company name from messages
2018-04-19 16:25:10,358 - unitTest - INFO - Extracting company name from messages
2018-04-19 16:25:10,359 - unitTest - INFO - Extracting company name from messages
2018-04-19 16:25:10,360 - unitTest - INFO - Extracting company name from messages
2018-04-19 16:25:10,362 - unitTest - INFO - Extracting company name from messages
2018-04-19 16:49:14,463 - unitTest - INFO - Extracting company name from messages
2018-04-19 16:49:23,079 - unitTest - INFO - Extracting company name from messages
2018-04-19 22:28:29,162 - unitTest - INFO - Extracting company name from messages
2018-04-19 22:29:35,492 - unitTest - INFO - Extracting company name from messages
2018-04-19 22:33:50,451 - unitTest - INFO - Extracting company name from messages
2018-04-19 22:34:55,056 - unitTest - INFO - Extracting company name from messages
2018-04-19 22:53:28,356 - unitTest - INFO - Extracting company name from messages
2018-04-19 22:54:09,632 - unitTest - INFO - Extracting company name from messages
2018-04-19 22:54:34,511 - unitTest - INFO - Extracting company name from messages
2018-04-19 22:55:13,034 - unitTest - INFO - Extracting company name from messages
2018-04-19 22:55:57,142 - unitTest - INFO - Extracting company name from messages
2018-04-19 22:56:16,040 - unitTest - INFO - Extracting company name from messages
2018-04-19 23:20:07,428 - unitTest - INFO - Extracting company name from messages
2018-04-19 23:20:41,838 - unitTest - INFO - Extracting company name from messages
2018-04-19 23:22:14,224 - unitTest - INFO - Extracting company name from messages
2018-04-19 23:23:12,628 - unitTest - INFO - Extracting company name from messages
2018-04-19 23:33:00,386 - unitTest - INFO - Extracting company name from messages
2018-04-19 23:33:09,183 - unitTest - INFO - Extracting company name from messages
2018-04-19 23:34:27,668 - unitTest - INFO - Extracting company name from messages
2018-04-19 23:35:21,514 - unitTest - INFO - Extracting company name from messages
2018-04-19 23:36:45,065 - unitTest - INFO - Extracting company name from messages
2018-04-19 23:38:06,994 - unitTest - INFO - Extracting company name from messages
2018-04-19 23:38:42,698 - unitTest - INFO - Extracting company name from messages
2018-04-19 23:40:03,471 - unitTest - INFO - Extracting company name from messages
2018-04-19 23:41:34,871 - unitTest - INFO - Extracting company name from messages
2018-04-19 23:55:00,252 - unitTest - INFO - Extracting company name from messages
2018-04-19 23:55:48,011 - unitTest - INFO - Extracting company name from messages
2018-04-19 23:56:02,038 - unitTest - INFO - Extracting company name from messages
2018-04-19 23:56:12,708 - unitTest - INFO - Extracting company name from messages
2018-04-20 00:03:45,075 - unitTest - INFO - Extracting company name from messages
2018-04-20 00:03:56,982 - unitTest - INFO - Extracting company name from messages
2018-04-20 00:11:08,081 - unitTest - INFO - Extracting company name from messages
2018-04-20 00:11:17,363 - unitTest - INFO - Extracting company name from messages
2018-04-20 00:27:31,386 - unitTest - INFO - Extracting company name from messages
2018-04-20 00:27:31,855 - unitTest - INFO - Extracting company name from messages
2018-04-20 00:27:31,856 - unitTest - ERROR - Failed Extraction of Pmr or company
Traceback (most recent call last):
  File "/Users/srivasan/privateRepo/Travis-TestProject/test.py", line 40, in test01PmrPattern
    self.assertEqual(extractCompanyName(msg),val)
  File "/System/Library/Frameworks/Python.framework/Versions/2.7/lib/python2.7/unittest/case.py", line 515, in assertEqual
    assertion_func(first, second, msg=msg)
  File "/System/Library/Frameworks/Python.framework/Versions/2.7/lib/python2.7/unittest/case.py", line 508, in _baseAssertEqual
    raise self.failureException(msg)
AssertionError: None != '20963,669,706 S.I.G Grand Camp'
2018-04-20 00:27:31,857 - unitTest - INFO - Extracting company name from messages
2018-04-20 00:55:48,437 - unitTest - INFO - Extracting company name from messages
2018-04-20 00:55:48,882 - unitTest - ERROR - Failed Extraction of Pmr or company
Traceback (most recent call last):
  File "/Users/srivasan/privateRepo/Travis-TestProject/test.py", line 40, in test01PmrPattern
    self.assertEqual(extractCompanyName(msg),val)
  File "/System/Library/Frameworks/Python.framework/Versions/2.7/lib/python2.7/unittest/case.py", line 515, in assertEqual
    assertion_func(first, second, msg=msg)
  File "/System/Library/Frameworks/Python.framework/Versions/2.7/lib/python2.7/unittest/case.py", line 508, in _baseAssertEqual
    raise self.failureException(msg)
AssertionError: True != '20963,669,706 S.I.G Grand Camp'
2018-04-20 00:55:48,884 - unitTest - INFO - Extracting company name from messages
2018-04-20 00:56:07,098 - unitTest - INFO - Extracting company name from messages
2018-04-20 00:56:44,758 - unitTest - INFO - Extracting company name from messages
2018-04-20 01:02:20,519 - unitTest - INFO - Extracting company name from messages
2018-04-20 01:02:44,305 - unitTest - INFO - Extracting company name from messages
2018-04-20 01:03:31,649 - unitTest - INFO - Extracting company name from messages
2018-04-20 01:04:16,977 - unitTest - INFO - Extracting company name from messages
2018-04-20 01:05:39,791 - unitTest - INFO - Extracting company name from messages
2018-04-20 01:05:39,793 - unitTest - ERROR - Cannot Extract PMR ID
None
2018-04-20 01:07:01,266 - unitTest - INFO - Extracting company name from messages
